2025-07-11T09:44:33.916+03:00  INFO 99460 --- [restartedMain] c.b.ordercorner.OrdercornerApplication   : Starting OrdercornerApplication using Java 17.0.7 with PID 99460 (D:\btk-ecommerce-backend-v2\ordercorner\target\classes started by msi in D:\btk-ecommerce-backend-v2\ordercorner)
2025-07-11T09:44:33.921+03:00  INFO 99460 --- [restartedMain] c.b.ordercorner.OrdercornerApplication   : No active profile set, falling back to 1 default profile: "default"
2025-07-11T09:44:33.984+03:00  INFO 99460 --- [restartedMain] .e.DevToolsPropertyDefaultsPostProcessor : Devtools property defaults active! Set 'spring.devtools.add-properties' to 'false' to disable
2025-07-11T09:44:33.987+03:00  INFO 99460 --- [restartedMain] .e.DevToolsPropertyDefaultsPostProcessor : For additional web related logging consider setting the 'logging.level.web' property to 'DEBUG'
2025-07-11T09:44:35.087+03:00  INFO 99460 --- [restartedMain] .s.d.r.c.RepositoryConfigurationDelegate : Bootstrapping Spring Data JPA repositories in DEFAULT mode.
2025-07-11T09:44:35.157+03:00  INFO 99460 --- [restartedMain] .s.d.r.c.RepositoryConfigurationDelegate : Finished Spring Data repository scanning in 65 ms. Found 8 JPA repository interfaces.
2025-07-11T09:44:35.734+03:00  INFO 99460 --- [restartedMain] o.s.b.w.embedded.tomcat.TomcatWebServer  : Tomcat initialized with port(s): 8080 (http)
2025-07-11T09:44:35.745+03:00  INFO 99460 --- [restartedMain] o.apache.catalina.core.StandardService   : Starting service [Tomcat]
2025-07-11T09:44:35.746+03:00  INFO 99460 --- [restartedMain] o.apache.catalina.core.StandardEngine    : Starting Servlet engine: [Apache Tomcat/10.1.11]
2025-07-11T09:44:35.814+03:00  INFO 99460 --- [restartedMain] o.a.c.c.C.[Tomcat].[localhost].[/]       : Initializing Spring embedded WebApplicationContext
2025-07-11T09:44:35.814+03:00  INFO 99460 --- [restartedMain] w.s.c.ServletWebServerApplicationContext : Root WebApplicationContext: initialization completed in 1826 ms
2025-07-11T09:44:36.063+03:00  INFO 99460 --- [restartedMain] o.hibernate.jpa.internal.util.LogHelper  : HHH000204: Processing PersistenceUnitInfo [name: default]
2025-07-11T09:44:36.110+03:00  INFO 99460 --- [restartedMain] org.hibernate.Version                    : HHH000412: Hibernate ORM core version 6.1.7.Final
2025-07-11T09:44:36.337+03:00  INFO 99460 --- [restartedMain] com.zaxxer.hikari.HikariDataSource       : HikariPool-1 - Starting...
2025-07-11T09:44:36.464+03:00  INFO 99460 --- [restartedMain] com.zaxxer.hikari.pool.HikariPool        : HikariPool-1 - Added connection org.postgresql.jdbc.PgConnection@f2ed2c
2025-07-11T09:44:36.466+03:00  INFO 99460 --- [restartedMain] com.zaxxer.hikari.HikariDataSource       : HikariPool-1 - Start completed.
2025-07-11T09:44:36.509+03:00  INFO 99460 --- [restartedMain] SQL dialect                              : HHH000400: Using dialect: org.hibernate.dialect.PostgreSQLDialect
2025-07-11T09:44:37.437+03:00  INFO 99460 --- [restartedMain] o.h.e.t.j.p.i.JtaPlatformInitiator       : HHH000490: Using JtaPlatform implementation: [org.hibernate.engine.transaction.jta.platform.internal.NoJtaPlatform]
2025-07-11T09:44:37.445+03:00  INFO 99460 --- [restartedMain] j.LocalContainerEntityManagerFactoryBean : Initialized JPA EntityManagerFactory for persistence unit 'default'
2025-07-11T09:44:38.080+03:00  WARN 99460 --- [restartedMain] JpaBaseConfiguration$JpaWebConfiguration : spring.jpa.open-in-view is enabled by default. Therefore, database queries may be performed during view rendering. Explicitly configure spring.jpa.open-in-view to disable this warning
2025-07-11T09:44:38.464+03:00  INFO 99460 --- [restartedMain] o.s.b.a.e.web.EndpointLinksResolver      : Exposing 15 endpoint(s) beneath base path '/actuator'
2025-07-11T09:44:38.531+03:00  INFO 99460 --- [restartedMain] o.s.s.web.DefaultSecurityFilterChain     : Will secure any request with [org.springframework.security.web.session.DisableEncodeUrlFilter@474107b, org.springframework.security.web.context.request.async.WebAsyncManagerIntegrationFilter@12c25503, org.springframework.security.web.context.SecurityContextHolderFilter@31f0d769, org.springframework.security.web.header.HeaderWriterFilter@2bee568b, org.springframework.security.web.authentication.logout.LogoutFilter@62b2ca41, org.springframework.security.web.authentication.UsernamePasswordAuthenticationFilter@3ed46d61, org.springframework.security.web.authentication.ui.DefaultLoginPageGeneratingFilter@552cceec, org.springframework.security.web.authentication.ui.DefaultLogoutPageGeneratingFilter@46d044a, org.springframework.security.web.authentication.www.BasicAuthenticationFilter@55487d13, org.springframework.security.web.savedrequest.RequestCacheAwareFilter@6a67e0b, org.springframework.security.web.servletapi.SecurityContextHolderAwareRequestFilter@72e28dc4, org.springframework.security.web.authentication.AnonymousAuthenticationFilter@c600a0f, org.springframework.security.web.access.ExceptionTranslationFilter@4b37a787, org.springframework.security.web.access.intercept.AuthorizationFilter@4c1376e0]
2025-07-11T09:44:38.831+03:00  INFO 99460 --- [restartedMain] o.s.b.d.a.OptionalLiveReloadServer       : LiveReload server is running on port 35729
2025-07-11T09:44:38.891+03:00  INFO 99460 --- [restartedMain] o.s.b.w.embedded.tomcat.TomcatWebServer  : Tomcat started on port(s): 8080 (http) with context path ''
2025-07-11T09:44:38.905+03:00  INFO 99460 --- [restartedMain] c.b.ordercorner.OrdercornerApplication   : Started OrdercornerApplication in 5.402 seconds (process running for 6.307)
2025-07-11T09:44:39.193+03:00  INFO 99460 --- [RMI TCP Connection(3)-172.28.224.1] o.a.c.c.C.[Tomcat].[localhost].[/]       : Initializing Spring DispatcherServlet 'dispatcherServlet'
2025-07-11T09:44:39.193+03:00  INFO 99460 --- [RMI TCP Connection(3)-172.28.224.1] o.s.web.servlet.DispatcherServlet        : Initializing Servlet 'dispatcherServlet'
2025-07-11T09:44:39.195+03:00  INFO 99460 --- [RMI TCP Connection(3)-172.28.224.1] o.s.web.servlet.DispatcherServlet        : Completed initialization in 2 ms
2025-07-11T11:14:44.815+03:00  INFO 99460 --- [SpringApplicationShutdownHook] j.LocalContainerEntityManagerFactoryBean : Closing JPA EntityManagerFactory for persistence unit 'default'
2025-07-11T11:14:44.862+03:00  INFO 99460 --- [SpringApplicationShutdownHook] com.zaxxer.hikari.HikariDataSource       : HikariPool-1 - Shutdown initiated...
2025-07-11T11:14:44.872+03:00  INFO 99460 --- [SpringApplicationShutdownHook] com.zaxxer.hikari.HikariDataSource       : HikariPool-1 - Shutdown completed.
